<?xml version="1.0" encoding="UTF-8"?>
<!-- Generated by org.testng.reporters.JUnitReportReporter -->
<testsuite skipped="21" hostname="ucreate8-All-Series" name="com.imfootball.testCreateAccount.testCreateAccount" tests="22" failures="0" timestamp="02 Apr 2019 12:14:13 GMT" time="0.409" errors="1">
  <testcase name="testCreateAccountButtonWorking" time="0.000" classname="com.imfootball.testCreateAccount.testCreateAccount">
    <skipped/>
  </testcase> <!-- testCreateAccountButtonWorking -->
  <testcase name="setUp" time="0.409" classname="com.imfootball.testCreateAccount.testCreateAccount">
    <error type="org.openqa.selenium.WebDriverException" message="Connection refused (Connection refused)
Build info: version: &#039;3.141.59&#039;, revision: &#039;e82be7d358&#039;, time: &#039;2018-11-14T08:17:03&#039;
System info: host: &#039;ucreate8-All-Series&#039;, ip: &#039;127.0.1.1&#039;, os.name: &#039;Linux&#039;, os.arch: &#039;amd64&#039;, os.version: &#039;4.15.0-44-generic&#039;, java.version: &#039;1.8.0_191&#039;
Driver info: driver.version: AppiumDriver">
      <![CDATA[org.openqa.selenium.WebDriverException: Connection refused (Connection refused)
Build info: version: '3.141.59', revision: 'e82be7d358', time: '2018-11-14T08:17:03'
System info: host: 'ucreate8-All-Series', ip: '127.0.1.1', os.name: 'Linux', os.arch: 'amd64', os.version: '4.15.0-44-generic', java.version: '1.8.0_191'
Driver info: driver.version: AppiumDriver
at io.appium.java_client.remote.AppiumCommandExecutor.lambda$2(AppiumCommandExecutor.java:243)
at java.util.Optional.orElseGet(Optional.java:267)
at io.appium.java_client.remote.AppiumCommandExecutor.execute(AppiumCommandExecutor.java:242)
at org.openqa.selenium.remote.RemoteWebDriver.execute(RemoteWebDriver.java:552)
at io.appium.java_client.DefaultGenericMobileDriver.execute(DefaultGenericMobileDriver.java:42)
at io.appium.java_client.AppiumDriver.execute(AppiumDriver.java:1)
at org.openqa.selenium.remote.RemoteWebDriver.startSession(RemoteWebDriver.java:213)
at org.openqa.selenium.remote.RemoteWebDriver.<init>(RemoteWebDriver.java:131)
at io.appium.java_client.DefaultGenericMobileDriver.<init>(DefaultGenericMobileDriver.java:38)
at io.appium.java_client.AppiumDriver.<init>(AppiumDriver.java:84)
at io.appium.java_client.AppiumDriver.<init>(AppiumDriver.java:94)
at com.imfootball.testCreateAccount.testCreateAccount.setUp(testCreateAccount.java:38)
at sun.reflect.NativeMethodAccessorImpl.invoke0(Native Method)
at sun.reflect.NativeMethodAccessorImpl.invoke(NativeMethodAccessorImpl.java:62)
at sun.reflect.DelegatingMethodAccessorImpl.invoke(DelegatingMethodAccessorImpl.java:43)
at java.lang.reflect.Method.invoke(Method.java:498)
at org.testng.internal.MethodInvocationHelper.invokeMethod(MethodInvocationHelper.java:124)
at org.testng.internal.MethodInvocationHelper.invokeMethodConsideringTimeout(MethodInvocationHelper.java:59)
at org.testng.internal.Invoker.invokeConfigurationMethod(Invoker.java:458)
at org.testng.internal.Invoker.invokeConfigurations(Invoker.java:222)
at org.testng.internal.Invoker.invokeConfigurations(Invoker.java:142)
at org.testng.TestRunner.beforeRun(TestRunner.java:529)
at org.testng.TestRunner.run(TestRunner.java:497)
at org.testng.SuiteRunner.runTest(SuiteRunner.java:455)
at org.testng.SuiteRunner.runSequentially(SuiteRunner.java:450)
at org.testng.SuiteRunner.privateRun(SuiteRunner.java:415)
at org.testng.SuiteRunner.run(SuiteRunner.java:364)
at org.testng.SuiteRunnerWorker.runSuite(SuiteRunnerWorker.java:52)
at org.testng.SuiteRunnerWorker.run(SuiteRunnerWorker.java:84)
at org.testng.TestNG.runSuitesSequentially(TestNG.java:1208)
at org.testng.TestNG.runSuitesLocally(TestNG.java:1137)
at org.testng.TestNG.runSuites(TestNG.java:1049)
at org.testng.TestNG.run(TestNG.java:1017)
at org.testng.remote.AbstractRemoteTestNG.run(AbstractRemoteTestNG.java:114)
at org.testng.remote.RemoteTestNG.initAndRun(RemoteTestNG.java:251)
at org.testng.remote.RemoteTestNG.main(RemoteTestNG.java:77)
Caused by: java.net.ConnectException: Connection refused (Connection refused)
at java.net.PlainSocketImpl.socketConnect(Native Method)
at java.net.AbstractPlainSocketImpl.doConnect(AbstractPlainSocketImpl.java:350)
at java.net.AbstractPlainSocketImpl.connectToAddress(AbstractPlainSocketImpl.java:204)
at java.net.AbstractPlainSocketImpl.connect(AbstractPlainSocketImpl.java:188)
at java.net.SocksSocketImpl.connect(SocksSocketImpl.java:392)
at java.net.Socket.connect(Socket.java:589)
at okhttp3.internal.platform.Platform.connectSocket(Platform.java:129)
at okhttp3.internal.connection.RealConnection.connectSocket(RealConnection.java:245)
at okhttp3.internal.connection.RealConnection.connect(RealConnection.java:165)
at okhttp3.internal.connection.StreamAllocation.findConnection(StreamAllocation.java:257)
at okhttp3.internal.connection.StreamAllocation.findHealthyConnection(StreamAllocation.java:135)
at okhttp3.internal.connection.StreamAllocation.newStream(StreamAllocation.java:114)
at okhttp3.internal.connection.ConnectInterceptor.intercept(ConnectInterceptor.java:42)
at okhttp3.internal.http.RealInterceptorChain.proceed(RealInterceptorChain.java:147)
at okhttp3.internal.http.RealInterceptorChain.proceed(RealInterceptorChain.java:121)
at okhttp3.internal.cache.CacheInterceptor.intercept(CacheInterceptor.java:93)
at okhttp3.internal.http.RealInterceptorChain.proceed(RealInterceptorChain.java:147)
at okhttp3.internal.http.RealInterceptorChain.proceed(RealInterceptorChain.java:121)
at okhttp3.internal.http.BridgeInterceptor.intercept(BridgeInterceptor.java:93)
at okhttp3.internal.http.RealInterceptorChain.proceed(RealInterceptorChain.java:147)
at okhttp3.internal.http.RetryAndFollowUpInterceptor.intercept(RetryAndFollowUpInterceptor.java:126)
at okhttp3.internal.http.RealInterceptorChain.proceed(RealInterceptorChain.java:147)
at okhttp3.internal.http.RealInterceptorChain.proceed(RealInterceptorChain.java:121)
at okhttp3.RealCall.getResponseWithInterceptorChain(RealCall.java:200)
at okhttp3.RealCall.execute(RealCall.java:77)
at org.openqa.selenium.remote.internal.OkHttpClient.execute(OkHttpClient.java:103)
at org.openqa.selenium.remote.ProtocolHandshake.createSession(ProtocolHandshake.java:105)
at sun.reflect.NativeMethodAccessorImpl.invoke0(Native Method)
at sun.reflect.NativeMethodAccessorImpl.invoke(NativeMethodAccessorImpl.java:62)
at sun.reflect.DelegatingMethodAccessorImpl.invoke(DelegatingMethodAccessorImpl.java:43)
at java.lang.reflect.Method.invoke(Method.java:498)
at io.appium.java_client.remote.AppiumCommandExecutor$1.createSession(AppiumCommandExecutor.java:185)
at io.appium.java_client.remote.AppiumCommandExecutor.createSession(AppiumCommandExecutor.java:209)
at io.appium.java_client.remote.AppiumCommandExecutor.execute(AppiumCommandExecutor.java:231)
... 33 more
]]>
    </error>
  </testcase> <!-- setUp -->
  <testcase name="testInternationalTeamSelected" time="0.000" classname="com.imfootball.testCreateAccount.testCreateAccount">
    <skipped/>
  </testcase> <!-- testInternationalTeamSelected -->
  <testcase name="testLeagueSelected" time="0.000" classname="com.imfootball.testCreateAccount.testCreateAccount">
    <skipped/>
  </testcase> <!-- testLeagueSelected -->
  <testcase name="testDomesticTeamSelected" time="0.000" classname="com.imfootball.testCreateAccount.testCreateAccount">
    <skipped/>
  </testcase> <!-- testDomesticTeamSelected -->
  <testcase name="testTermsCondAccpeted" time="0.000" classname="com.imfootball.testCreateAccount.testCreateAccount">
    <skipped/>
  </testcase> <!-- testTermsCondAccpeted -->
  <testcase name="testCreateAccountWithoutMobileNumber" time="0.000" classname="com.imfootball.testCreateAccount.testCreateAccount">
    <skipped/>
  </testcase> <!-- testCreateAccountWithoutMobileNumber -->
  <testcase name="testCreateAccountWithValidMobileNumber" time="0.000" classname="com.imfootball.testCreateAccount.testCreateAccount">
    <skipped/>
  </testcase> <!-- testCreateAccountWithValidMobileNumber -->
  <testcase name="testCreateAccountWithInvalidPin" time="0.000" classname="com.imfootball.testCreateAccount.testCreateAccount">
    <skipped/>
  </testcase> <!-- testCreateAccountWithInvalidPin -->
  <testcase name="testCreateAccountWithValidPin" time="0.000" classname="com.imfootball.testCreateAccount.testCreateAccount">
    <skipped/>
  </testcase> <!-- testCreateAccountWithValidPin -->
  <testcase name="testManualRegiterLinkWorking" time="0.000" classname="com.imfootball.testCreateAccount.testCreateAccount">
    <skipped/>
  </testcase> <!-- testManualRegiterLinkWorking -->
  <testcase name="testCreateAccountWithoutDetails" time="0.000" classname="com.imfootball.testCreateAccount.testCreateAccount">
    <skipped/>
  </testcase> <!-- testCreateAccountWithoutDetails -->
  <testcase name="testCreateAccountWithFirstNameOnly" time="0.000" classname="com.imfootball.testCreateAccount.testCreateAccount">
    <skipped/>
  </testcase> <!-- testCreateAccountWithFirstNameOnly -->
  <testcase name="testCreateAccountWithFirstAndLastNameOnly" time="0.000" classname="com.imfootball.testCreateAccount.testCreateAccount">
    <skipped/>
  </testcase> <!-- testCreateAccountWithFirstAndLastNameOnly -->
  <testcase name="testCreateAccountWithoutEmail" time="0.000" classname="com.imfootball.testCreateAccount.testCreateAccount">
    <skipped/>
  </testcase> <!-- testCreateAccountWithoutEmail -->
  <testcase name="testCreateAccountWithInvalidEmail" time="0.000" classname="com.imfootball.testCreateAccount.testCreateAccount">
    <skipped/>
  </testcase> <!-- testCreateAccountWithInvalidEmail -->
  <testcase name="testCreateAccountWithoutDOB" time="0.000" classname="com.imfootball.testCreateAccount.testCreateAccount">
    <skipped/>
  </testcase> <!-- testCreateAccountWithoutDOB -->
  <testcase name="testCreateAccountWithoutPassword" time="0.000" classname="com.imfootball.testCreateAccount.testCreateAccount">
    <skipped/>
  </testcase> <!-- testCreateAccountWithoutPassword -->
  <testcase name="testCreateAccountWithInvaidPasswordCriteria" time="0.000" classname="com.imfootball.testCreateAccount.testCreateAccount">
    <skipped/>
  </testcase> <!-- testCreateAccountWithInvaidPasswordCriteria -->
  <testcase name="testCreateAccountWith2ndInvaidPasswordCriteria" time="0.000" classname="com.imfootball.testCreateAccount.testCreateAccount">
    <skipped/>
  </testcase> <!-- testCreateAccountWith2ndInvaidPasswordCriteria -->
  <testcase name="testCreateAccountWith3rdInvaidPasswordCriteria" time="0.000" classname="com.imfootball.testCreateAccount.testCreateAccount">
    <skipped/>
  </testcase> <!-- testCreateAccountWith3rdInvaidPasswordCriteria -->
  <testcase name="testInformationIconWorking" time="0.000" classname="com.imfootball.testCreateAccount.testCreateAccount">
    <skipped/>
  </testcase> <!-- testInformationIconWorking -->
</testsuite> <!-- com.imfootball.testCreateAccount.testCreateAccount -->
